0 info it worked if it ends with ok
1 verbose cli [ '/home/ubuntu/.nvm/versions/node/v7.5.0/bin/node',
1 verbose cli   '/home/ubuntu/.nvm/versions/node/v7.5.0/bin/npm',
1 verbose cli   'run',
1 verbose cli   'livereload' ]
2 info using npm@4.1.2
3 info using node@v7.5.0
4 verbose run-script [ 'prelivereload', 'livereload', 'postlivereload' ]
5 info lifecycle naissur.github.io@1.0.0~prelivereload: naissur.github.io@1.0.0
6 silly lifecycle naissur.github.io@1.0.0~prelivereload: no script for prelivereload, continuing
7 info lifecycle naissur.github.io@1.0.0~livereload: naissur.github.io@1.0.0
8 verbose lifecycle naissur.github.io@1.0.0~livereload: unsafe-perm in lifecycle true
9 verbose lifecycle naissur.github.io@1.0.0~livereload: PATH: /home/ubuntu/.nvm/versions/node/v7.5.0/lib/node_modules/npm/bin/node-gyp-bin:/home/ubuntu/naissur.github.io/node_modules/.bin:/home/ubuntu/.rvm/gems/ruby-2.4.0/bin:/home/ubuntu/.rvm/gems/ruby-2.4.0@global/bin:/home/ubuntu/.rvm/rubies/ruby-2.4.0/bin:/home/ubuntu/.nvm/versions/node/v7.5.0/bin:/usr/local/sbin:/usr/local/bin:/usr/sbin:/usr/bin:/sbin:/bin:/usr/games:/usr/local/games:/home/ubuntu/.fzf/bin:/home/ubuntu/.rvm/bin
10 verbose lifecycle naissur.github.io@1.0.0~livereload: CWD: /home/ubuntu/naissur.github.io
11 silly lifecycle naissur.github.io@1.0.0~livereload: Args: [ '-c', 'livereloadx -p 35729 .' ]
12 silly lifecycle naissur.github.io@1.0.0~livereload: Returned: code: 1  signal: null
13 info lifecycle naissur.github.io@1.0.0~livereload: Failed to exec livereload script
14 verbose stack Error: naissur.github.io@1.0.0 livereload: `livereloadx -p 35729 .`
14 verbose stack Exit status 1
14 verbose stack     at EventEmitter.<anonymous> (/home/ubuntu/.nvm/versions/node/v7.5.0/lib/node_modules/npm/lib/utils/lifecycle.js:279:16)
14 verbose stack     at emitTwo (events.js:106:13)
14 verbose stack     at EventEmitter.emit (events.js:192:7)
14 verbose stack     at ChildProcess.<anonymous> (/home/ubuntu/.nvm/versions/node/v7.5.0/lib/node_modules/npm/lib/utils/spawn.js:40:14)
14 verbose stack     at emitTwo (events.js:106:13)
14 verbose stack     at ChildProcess.emit (events.js:192:7)
14 verbose stack     at maybeClose (internal/child_process.js:890:16)
14 verbose stack     at Process.ChildProcess._handle.onexit (internal/child_process.js:226:5)
15 verbose pkgid naissur.github.io@1.0.0
16 verbose cwd /home/ubuntu/naissur.github.io
17 error Linux 4.4.0-66-generic
18 error argv "/home/ubuntu/.nvm/versions/node/v7.5.0/bin/node" "/home/ubuntu/.nvm/versions/node/v7.5.0/bin/npm" "run" "livereload"
19 error node v7.5.0
20 error npm  v4.1.2
21 error code ELIFECYCLE
22 error naissur.github.io@1.0.0 livereload: `livereloadx -p 35729 .`
22 error Exit status 1
23 error Failed at the naissur.github.io@1.0.0 livereload script 'livereloadx -p 35729 .'.
23 error Make sure you have the latest version of node.js and npm installed.
23 error If you do, this is most likely a problem with the naissur.github.io package,
23 error not with npm itself.
23 error Tell the author that this fails on your system:
23 error     livereloadx -p 35729 .
23 error You can get information on how to open an issue for this project with:
23 error     npm bugs naissur.github.io
23 error Or if that isn't available, you can get their info via:
23 error     npm owner ls naissur.github.io
23 error There is likely additional logging output above.
24 verbose exit [ 1, true ]
